Topsy
Tim
Frankie
Pierre
CJ
Eleanor
Hopsalot
Kisha
Edison
Dr. Listick
Dr Listick
Casey
Puppy
Skunk
Turtle
Cat
Mrs. Hen
Ms. Hen
Ms Hen
Miss Hen
Bear
Mouse
Mrs. Panda
Missus Panda
Mrs Panda
Bunny
Pig
Hippo
Little kitten
little kitten
Mummy
Dad
Miss Terry
Tony Welch
Tony
Mrs. Knitting
Missus Knitting
Mrs Knitting
Mrs. Pie
Mrs Pie
Missus Pie
Mr. Pollack
Mr Pollack
Mister Pollack
Josie Miller
Josie
Liz
Andy
Kerry
Josh
Tina
Jinder
Louise Lewis
Carol
Tigger
Christopher Robin
Pooh
Kanga
Roo
Piglet
Eeyore
Owl
Buddy Boys
Buddy Boy
